/usr/synopsys/syn/T-2022.03-SP5-6/auxx/gui/dv/dv_setup.tcl
/usr/synopsys/syn/T-2022.03-SP5-6/auxx/gui/syn/snpsSynProcs.tcl
/usr/synopsys/syn/T-2022.03-SP5-6/auxx/gui/syn/layout/pkgIndex.tcl
/usr/synopsys/syn/T-2022.03-SP5-6/auxx/gui/common/3dic/pkgIndex.tcl
/usr/synopsys/syn/T-2022.03-SP5-6/auxx/gui/common/3dlayout/pkgIndex.tcl
/usr/synopsys/syn/T-2022.03-SP5-6/auxx/gui/common/3dmodel/pkgIndex.tcl
/usr/synopsys/syn/T-2022.03-SP5-6/auxx/gui/common/WindowFrameWork/pkgIndex.tcl
/usr/synopsys/syn/T-2022.03-SP5-6/auxx/gui/common/acg/pkgIndex.tcl
/usr/synopsys/syn/T-2022.03-SP5-6/auxx/gui/common/commandform/pkgIndex.tcl
/usr/synopsys/syn/T-2022.03-SP5-6/auxx/gui/common/dialogs/pkgIndex.tcl
/usr/synopsys/syn/T-2022.03-SP5-6/auxx/gui/common/docBrowser/pkgIndex.tcl
/usr/synopsys/syn/T-2022.03-SP5-6/auxx/gui/common/hierAttrView/pkgIndex.tcl
/usr/synopsys/syn/T-2022.03-SP5-6/auxx/gui/common/hierarchy/pkgIndex.tcl
/usr/synopsys/syn/T-2022.03-SP5-6/auxx/gui/common/highlight/pkgIndex.tcl
/usr/synopsys/syn/T-2022.03-SP5-6/auxx/gui/common/histogram/pkgIndex.tcl
/usr/synopsys/syn/T-2022.03-SP5-6/auxx/gui/common/layout/pkgIndex.tcl
/usr/synopsys/syn/T-2022.03-SP5-6/auxx/gui/common/libviewer/pkgIndex.tcl
/usr/synopsys/syn/T-2022.03-SP5-6/auxx/gui/common/menus/pkgIndex.tcl
/usr/synopsys/syn/T-2022.03-SP5-6/auxx/gui/common/misc/pkgIndex.tcl
/usr/synopsys/syn/T-2022.03-SP5-6/auxx/gui/common/mrupalette/pkgIndex.tcl
/usr/synopsys/syn/T-2022.03-SP5-6/auxx/gui/common/opdlg/pkgIndex.tcl
/usr/synopsys/syn/T-2022.03-SP5-6/auxx/gui/common/palettegroup/pkgIndex.tcl
/usr/synopsys/syn/T-2022.03-SP5-6/auxx/gui/common/propertyEditor/pkgIndex.tcl
/usr/synopsys/syn/T-2022.03-SP5-6/auxx/gui/common/qtcl/pkgIndex.tcl
/usr/synopsys/syn/T-2022.03-SP5-6/auxx/gui/common/regressionToolkit/pkgIndex.tcl
/usr/synopsys/syn/T-2022.03-SP5-6/auxx/gui/common/rtlxref/pkgIndex.tcl
/usr/synopsys/syn/T-2022.03-SP5-6/auxx/gui/common/schematic/pkgIndex.tcl
/usr/synopsys/syn/T-2022.03-SP5-6/auxx/gui/common/select/pkgIndex.tcl
/usr/synopsys/syn/T-2022.03-SP5-6/auxx/gui/common/setup/pkgIndex.tcl
/usr/synopsys/syn/T-2022.03-SP5-6/auxx/gui/common/strokes/pkgIndex.tcl
/usr/synopsys/syn/T-2022.03-SP5-6/auxx/gui/common/table/pkgIndex.tcl
/usr/synopsys/syn/T-2022.03-SP5-6/auxx/gui/common/taskassistant/pkgIndex.tcl
/usr/synopsys/syn/T-2022.03-SP5-6/auxx/gui/common/tcl-dp/pkgIndex.tcl
/usr/synopsys/syn/T-2022.03-SP5-6/auxx/gui/common/tiledview/pkgIndex.tcl
/usr/synopsys/syn/T-2022.03-SP5-6/auxx/gui/common/timing/pkgIndex.tcl
/usr/synopsys/syn/T-2022.03-SP5-6/auxx/gui/common/tq/pkgIndex.tcl
/usr/synopsys/syn/T-2022.03-SP5-6/auxx/gui/common/utable/pkgIndex.tcl
/usr/synopsys/syn/T-2022.03-SP5-6/auxx/gui/common/view/pkgIndex.tcl
/usr/synopsys/syn/T-2022.03-SP5-6/auxx/gui/dv/pkgIndex.tcl
/usr/synopsys/syn/T-2022.03-SP5-6/auxx/syn/lib/pkgIndex.tcl
/usr/synopsys/syn/T-2022.03-SP5-6/auxx/tcllib/lib/itcl4.2.1/pkgIndex.tcl
/usr/synopsys/syn/T-2022.03-SP5-6/auxx/tcllib/lib/iwidgets4.1/pkgIndex.tcl
/usr/synopsys/syn/T-2022.03-SP5-6/auxx/tcllib/snps_tcl/snpsTclPro/pkgIndex.tcl
/usr/synopsys/syn/T-2022.03-SP5-6/auxx/tcllib/snps_tcl/snpsTest/pkgIndex.tcl
/usr/synopsys/syn/T-2022.03-SP5-6/auxx/tcllib/snps_tcl/snpsUtils/pkgIndex.tcl
/usr/synopsys/syn/T-2022.03-SP5-6/auxx/tcllib/snps_tcl/pkgIndex.tcl
/usr/synopsys/syn/T-2022.03-SP5-6/auxx/tcllib/lib/tcl8.6/dde/pkgIndex.tcl
/usr/synopsys/syn/T-2022.03-SP5-6/auxx/tcllib/lib/tcl8.6/http/pkgIndex.tcl
/usr/synopsys/syn/T-2022.03-SP5-6/auxx/tcllib/lib/tcl8.6/http1.0/pkgIndex.tcl
/usr/synopsys/syn/T-2022.03-SP5-6/auxx/tcllib/lib/tcl8.6/msgcat/pkgIndex.tcl
/usr/synopsys/syn/T-2022.03-SP5-6/auxx/tcllib/lib/tcl8.6/opt/pkgIndex.tcl
/usr/synopsys/syn/T-2022.03-SP5-6/auxx/tcllib/lib/tcl8.6/platform/pkgIndex.tcl
/usr/synopsys/syn/T-2022.03-SP5-6/auxx/tcllib/lib/tcl8.6/reg/pkgIndex.tcl
/usr/synopsys/syn/T-2022.03-SP5-6/auxx/tcllib/lib/tcl8.6/tcltest/pkgIndex.tcl
/usr/synopsys/syn/T-2022.03-SP5-6/auxx/gui/common/setup/snpsCommonSetup.tcl
/usr/synopsys/syn/T-2022.03-SP5-6/auxx/gui/common/setup/snpsCustomize.tcl
/usr/synopsys/syn/T-2022.03-SP5-6/auxx/gui/common/setup/snpsProcheck.tcl
/usr/synopsys/syn/T-2022.03-SP5-6/auxx/gui/common/misc/base.tcl
/usr/synopsys/syn/T-2022.03-SP5-6/auxx/gui/common/misc/timing.tcl
/usr/synopsys/syn/T-2022.03-SP5-6/auxx/gui/common/misc/setting.tcl
/usr/synopsys/syn/T-2022.03-SP5-6/auxx/gui/common/misc/preset.tcl
/usr/synopsys/syn/T-2022.03-SP5-6/auxx/gui/common/WindowFrameWork/windowFrameWork.tcl
/usr/synopsys/syn/T-2022.03-SP5-6/auxx/gui/common/WindowFrameWork/skipBusyCursorCmdList.tcl
/usr/synopsys/syn/T-2022.03-SP5-6/auxx/gui/common/qtcl/.synopsys_qtcl.tcl
/usr/synopsys/syn/T-2022.03-SP5-6/auxx/gui/common/highlight/highlight.tcl
/usr/synopsys/syn/T-2022.03-SP5-6/auxx/gui/common/palettegroup/palettegroup.tcl
/usr/synopsys/syn/T-2022.03-SP5-6/auxx/gui/common/commandform/commandform.tcl
/usr/synopsys/syn/T-2022.03-SP5-6/auxx/gui/common/tiledview/tiledview.tcl
/usr/synopsys/syn/T-2022.03-SP5-6/auxx/gui/common/docBrowser/docBrowser.tcl
/usr/synopsys/syn/T-2022.03-SP5-6/auxx/tcllib/snps_tcl/snpsUtils/snpsUtils.tcl
/usr/synopsys/syn/T-2022.03-SP5-6/auxx/gui/common/dialogs/ObjectChooser.tcl
/usr/synopsys/syn/T-2022.03-SP5-6/auxx/gui/common/misc/DialogObjectChooser.tcl
/usr/synopsys/syn/T-2022.03-SP5-6/auxx/gui/common/dialogs/HistBinInformation.tcl
/usr/synopsys/syn/T-2022.03-SP5-6/auxx/gui/common/dialogs/HistBin1Information.tcl
/usr/synopsys/syn/T-2022.03-SP5-6/auxx/gui/common/dialogs/BinsOnlyInformation.tcl
/usr/synopsys/syn/T-2022.03-SP5-6/auxx/gui/common/dialogs/FileChooser.tcl
/usr/synopsys/syn/T-2022.03-SP5-6/auxx/gui/common/dialogs/PathPinSimpleInfo.tcl
/usr/synopsys/syn/T-2022.03-SP5-6/auxx/gui/common/dialogs/PathsBasicInfo.tcl
/usr/synopsys/syn/T-2022.03-SP5-6/auxx/gui/common/dialogs/PathsBasicSimpleInfo.tcl
/usr/synopsys/syn/T-2022.03-SP5-6/auxx/gui/common/dialogs/SlctOperationInfo.tcl
/usr/synopsys/syn/T-2022.03-SP5-6/auxx/gui/common/dialogs/ObjectListInfo.tcl
/usr/synopsys/syn/T-2022.03-SP5-6/auxx/gui/common/dialogs/FanInOutInfo.tcl
/usr/synopsys/syn/T-2022.03-SP5-6/auxx/gui/common/dialogs/NumberOfLevelsChooser.tcl
/usr/synopsys/syn/T-2022.03-SP5-6/auxx/gui/common/dialogs/WindowReuseInfo.tcl
/usr/synopsys/syn/T-2022.03-SP5-6/auxx/gui/common/dialogs/ReportOutputOptionInfo.tcl
/usr/synopsys/syn/T-2022.03-SP5-6/auxx/gui/common/setup/snpsCollections.tcl
/usr/synopsys/syn/T-2022.03-SP5-6/auxx/gui/common/dialogs/CompileLinkDesign.tcl
/usr/synopsys/syn/T-2022.03-SP5-6/auxx/gui/common/histogram/base.tcl
/usr/synopsys/syn/T-2022.03-SP5-6/auxx/gui/common/histogram/DialogNetCapacitance.tcl
/usr/synopsys/syn/T-2022.03-SP5-6/auxx/gui/common/schematic/DialogPathSchematicFanInOut.tcl
/usr/synopsys/syn/T-2022.03-SP5-6/auxx/gui/common/schematic/DialogPathSchematicAddPaths.tcl
/home/jose/VSDBabySoC/time_report_gen.tcl
/home/jose/VSDBabySoC/src/include/sp_verilog.vh
/home/jose/VSDBabySoC/src/include/sandpiper.vh
/home/jose/VSDBabySoC/src/include/sp_verilog.vh
/home/jose/VSDBabySoC/src/include/sandpiper.vh
/home/jose/VSDBabySoC/src/module/rvmyth_gen.v
/home/jose/VSDBabySoC/src/include/sandpiper_gen.vh
/home/jose/VSDBabySoC/src/include/sandpiper_gen.vh
/home/jose/VSDBabySoC/src/include/sp_verilog.vh
/home/jose/VSDBabySoC/src/include/sandpiper.vh
/home/jose/VSDBabySoC/src/include/sp_verilog.vh
/home/jose/VSDBabySoC/src/include/sandpiper.vh
/home/jose/VSDBabySoC/src/module/rvmyth_gen.v
/home/jose/VSDBabySoC/src/include/sandpiper_gen.vh
/home/jose/VSDBabySoC/src/module/clk_gate.v
/home/jose/VSDBabySoC/src/include/sp_verilog.vh
/home/jose/VSDBabySoC/src/include/sandpiper.vh
/home/jose/VSDBabySoC/src/module/rvmyth.v
/home/jose/VSDBabySoC/src/include/sp_verilog.vh
/home/jose/VSDBabySoC/src/include/sandpiper.vh
/home/jose/VSDBabySoC/src/module/rvmyth_gen.v
/home/jose/VSDBabySoC/src/include/sandpiper_gen.vh
/home/jose/VSDBabySoC/src/module/vsdbabysoc.v
/home/jose/VSDBabySoC/src/lib/sky130_fd_sc_hd__ff_100C_1v65.db
/home/jose/VSDBabySoC/src/lib/avsdpll.db
/home/jose/VSDBabySoC/src/lib/avsddac.db
/usr/synopsys/syn/T-2022.03-SP5-6/libraries/syn/gtech.db
/usr/synopsys/syn/T-2022.03-SP5-6/libraries/syn/standard.sldb
/home/jose/VSDBabySoC/src/sdc/vsdbabysoc_synthesis.sdc
/usr/synopsys/syn/T-2022.03-SP5-6/libraries/syn/dw_foundation.sldb
/home/jose/VSDBabySoC/src/lib/sky130_fd_sc_hd__ff_100C_1v65.db
/home/jose/VSDBabySoC/alib-52/sky130_fd_sc_hd__ff_100C_1v65.db.alib
/home/jose/VSDBabySoC/src/lib/sky130_fd_sc_hd__ff_100C_1v65.db
/home/jose/VSDBabySoC/alib-52/sky130_fd_sc_hd__ff_100C_1v65.db.alib
/home/jose/VSDBabySoC/src/lib/sky130_fd_sc_hd__ff_100C_1v65.db
/home/jose/VSDBabySoC/src/lib/sky130_fd_sc_hd__ff_100C_1v95.db
/home/jose/VSDBabySoC/src/lib/avsdpll.db
/home/jose/VSDBabySoC/src/lib/avsddac.db
/usr/synopsys/syn/T-2022.03-SP5-6/libraries/syn/gtech.db
/usr/synopsys/syn/T-2022.03-SP5-6/libraries/syn/standard.sldb
/home/jose/VSDBabySoC/src/sdc/vsdbabysoc_synthesis.sdc
/usr/synopsys/syn/T-2022.03-SP5-6/libraries/syn/dw_foundation.sldb
/home/jose/VSDBabySoC/src/lib/sky130_fd_sc_hd__ff_100C_1v95.db
/home/jose/VSDBabySoC/alib-52/sky130_fd_sc_hd__ff_100C_1v95.db.alib
/home/jose/VSDBabySoC/src/lib/sky130_fd_sc_hd__ff_100C_1v95.db
/home/jose/VSDBabySoC/alib-52/sky130_fd_sc_hd__ff_100C_1v95.db.alib
/home/jose/VSDBabySoC/src/lib/sky130_fd_sc_hd__ff_100C_1v95.db
/home/jose/VSDBabySoC/src/lib/sky130_fd_sc_hd__ff_n40C_1v56.db
/home/jose/VSDBabySoC/src/lib/avsdpll.db
/home/jose/VSDBabySoC/src/lib/avsddac.db
/usr/synopsys/syn/T-2022.03-SP5-6/libraries/syn/gtech.db
/usr/synopsys/syn/T-2022.03-SP5-6/libraries/syn/standard.sldb
/home/jose/VSDBabySoC/src/sdc/vsdbabysoc_synthesis.sdc
/usr/synopsys/syn/T-2022.03-SP5-6/libraries/syn/dw_foundation.sldb
/home/jose/VSDBabySoC/src/lib/sky130_fd_sc_hd__ff_n40C_1v56.db
/home/jose/VSDBabySoC/alib-52/sky130_fd_sc_hd__ff_n40C_1v56.db.alib
/home/jose/VSDBabySoC/src/lib/sky130_fd_sc_hd__ff_n40C_1v56.db
/home/jose/VSDBabySoC/alib-52/sky130_fd_sc_hd__ff_n40C_1v56.db.alib
/home/jose/VSDBabySoC/src/lib/sky130_fd_sc_hd__ff_n40C_1v56.db
/home/jose/VSDBabySoC/alib-52/sky130_fd_sc_hd__ff_n40C_1v56.db.alib
/home/jose/VSDBabySoC/src/lib/sky130_fd_sc_hd__ff_n40C_1v56.db
/home/jose/VSDBabySoC/alib-52/sky130_fd_sc_hd__ff_n40C_1v56.db.alib
/home/jose/VSDBabySoC/src/lib/sky130_fd_sc_hd__ff_n40C_1v56.db
/home/jose/VSDBabySoC/alib-52/sky130_fd_sc_hd__ff_n40C_1v56.db.alib
/home/jose/VSDBabySoC/src/lib/sky130_fd_sc_hd__ff_n40C_1v56.db
/home/jose/VSDBabySoC/alib-52/sky130_fd_sc_hd__ff_n40C_1v56.db.alib
/home/jose/VSDBabySoC/src/lib/sky130_fd_sc_hd__ff_n40C_1v56.db
/home/jose/VSDBabySoC/alib-52/sky130_fd_sc_hd__ff_n40C_1v56.db.alib
/home/jose/VSDBabySoC/src/lib/sky130_fd_sc_hd__ff_n40C_1v56.db
/home/jose/VSDBabySoC/alib-52/sky130_fd_sc_hd__ff_n40C_1v56.db.alib
/home/jose/VSDBabySoC/src/lib/sky130_fd_sc_hd__ff_n40C_1v56.db
/home/jose/VSDBabySoC/alib-52/sky130_fd_sc_hd__ff_n40C_1v56.db.alib
/home/jose/VSDBabySoC/src/lib/sky130_fd_sc_hd__ff_n40C_1v56.db
/home/jose/VSDBabySoC/alib-52/sky130_fd_sc_hd__ff_n40C_1v56.db.alib
/home/jose/VSDBabySoC/src/lib/sky130_fd_sc_hd__ff_n40C_1v56.db
/home/jose/VSDBabySoC/alib-52/sky130_fd_sc_hd__ff_n40C_1v56.db.alib
/home/jose/VSDBabySoC/src/lib/sky130_fd_sc_hd__ff_n40C_1v56.db
/home/jose/VSDBabySoC/src/lib/sky130_fd_sc_hd__ff_n40C_1v65.db
/home/jose/VSDBabySoC/src/lib/avsdpll.db
/home/jose/VSDBabySoC/src/lib/avsddac.db
/usr/synopsys/syn/T-2022.03-SP5-6/libraries/syn/gtech.db
/usr/synopsys/syn/T-2022.03-SP5-6/libraries/syn/standard.sldb
/home/jose/VSDBabySoC/src/sdc/vsdbabysoc_synthesis.sdc
/usr/synopsys/syn/T-2022.03-SP5-6/libraries/syn/dw_foundation.sldb
/home/jose/VSDBabySoC/src/lib/sky130_fd_sc_hd__ff_n40C_1v65.db
/home/jose/VSDBabySoC/alib-52/sky130_fd_sc_hd__ff_n40C_1v65.db.alib
/home/jose/VSDBabySoC/src/lib/sky130_fd_sc_hd__ff_n40C_1v65.db
/home/jose/VSDBabySoC/alib-52/sky130_fd_sc_hd__ff_n40C_1v65.db.alib
/home/jose/VSDBabySoC/src/lib/sky130_fd_sc_hd__ff_n40C_1v65.db
/home/jose/VSDBabySoC/alib-52/sky130_fd_sc_hd__ff_n40C_1v65.db.alib
/home/jose/VSDBabySoC/src/lib/sky130_fd_sc_hd__ff_n40C_1v65.db
/home/jose/VSDBabySoC/alib-52/sky130_fd_sc_hd__ff_n40C_1v65.db.alib
/home/jose/VSDBabySoC/src/lib/sky130_fd_sc_hd__ff_n40C_1v65.db
/home/jose/VSDBabySoC/alib-52/sky130_fd_sc_hd__ff_n40C_1v65.db.alib
/home/jose/VSDBabySoC/src/lib/sky130_fd_sc_hd__ff_n40C_1v65.db
/home/jose/VSDBabySoC/alib-52/sky130_fd_sc_hd__ff_n40C_1v65.db.alib
/home/jose/VSDBabySoC/src/lib/sky130_fd_sc_hd__ff_n40C_1v65.db
/home/jose/VSDBabySoC/alib-52/sky130_fd_sc_hd__ff_n40C_1v65.db.alib
/home/jose/VSDBabySoC/src/lib/sky130_fd_sc_hd__ff_n40C_1v65.db
/home/jose/VSDBabySoC/alib-52/sky130_fd_sc_hd__ff_n40C_1v65.db.alib
/home/jose/VSDBabySoC/src/lib/sky130_fd_sc_hd__ff_n40C_1v65.db
/home/jose/VSDBabySoC/alib-52/sky130_fd_sc_hd__ff_n40C_1v65.db.alib
/home/jose/VSDBabySoC/src/lib/sky130_fd_sc_hd__ff_n40C_1v65.db
/home/jose/VSDBabySoC/alib-52/sky130_fd_sc_hd__ff_n40C_1v65.db.alib
/home/jose/VSDBabySoC/src/lib/sky130_fd_sc_hd__ff_n40C_1v65.db
/home/jose/VSDBabySoC/alib-52/sky130_fd_sc_hd__ff_n40C_1v65.db.alib
/home/jose/VSDBabySoC/src/lib/sky130_fd_sc_hd__ff_n40C_1v65.db
/home/jose/VSDBabySoC/src/lib/sky130_fd_sc_hd__ff_n40C_1v76.db
/home/jose/VSDBabySoC/src/lib/avsdpll.db
/home/jose/VSDBabySoC/src/lib/avsddac.db
/usr/synopsys/syn/T-2022.03-SP5-6/libraries/syn/gtech.db
/usr/synopsys/syn/T-2022.03-SP5-6/libraries/syn/standard.sldb
/home/jose/VSDBabySoC/src/sdc/vsdbabysoc_synthesis.sdc
/usr/synopsys/syn/T-2022.03-SP5-6/libraries/syn/dw_foundation.sldb
/home/jose/VSDBabySoC/src/lib/sky130_fd_sc_hd__ff_n40C_1v76.db
/home/jose/VSDBabySoC/alib-52/sky130_fd_sc_hd__ff_n40C_1v76.db.alib
/home/jose/VSDBabySoC/src/lib/sky130_fd_sc_hd__ff_n40C_1v76.db
/home/jose/VSDBabySoC/alib-52/sky130_fd_sc_hd__ff_n40C_1v76.db.alib
/home/jose/VSDBabySoC/src/lib/sky130_fd_sc_hd__ff_n40C_1v76.db
/home/jose/VSDBabySoC/alib-52/sky130_fd_sc_hd__ff_n40C_1v76.db.alib
/home/jose/VSDBabySoC/src/lib/sky130_fd_sc_hd__ff_n40C_1v76.db
/home/jose/VSDBabySoC/alib-52/sky130_fd_sc_hd__ff_n40C_1v76.db.alib
/home/jose/VSDBabySoC/src/lib/sky130_fd_sc_hd__ff_n40C_1v76.db
/home/jose/VSDBabySoC/alib-52/sky130_fd_sc_hd__ff_n40C_1v76.db.alib
/home/jose/VSDBabySoC/src/lib/sky130_fd_sc_hd__ff_n40C_1v76.db
/home/jose/VSDBabySoC/alib-52/sky130_fd_sc_hd__ff_n40C_1v76.db.alib
/home/jose/VSDBabySoC/src/lib/sky130_fd_sc_hd__ff_n40C_1v76.db
/home/jose/VSDBabySoC/alib-52/sky130_fd_sc_hd__ff_n40C_1v76.db.alib
/home/jose/VSDBabySoC/src/lib/sky130_fd_sc_hd__ff_n40C_1v76.db
/home/jose/VSDBabySoC/alib-52/sky130_fd_sc_hd__ff_n40C_1v76.db.alib
/home/jose/VSDBabySoC/src/lib/sky130_fd_sc_hd__ff_n40C_1v76.db
/home/jose/VSDBabySoC/alib-52/sky130_fd_sc_hd__ff_n40C_1v76.db.alib
/home/jose/VSDBabySoC/src/lib/sky130_fd_sc_hd__ff_n40C_1v76.db
/home/jose/VSDBabySoC/alib-52/sky130_fd_sc_hd__ff_n40C_1v76.db.alib
/home/jose/VSDBabySoC/src/lib/sky130_fd_sc_hd__ff_n40C_1v76.db
/home/jose/VSDBabySoC/alib-52/sky130_fd_sc_hd__ff_n40C_1v76.db.alib
/home/jose/VSDBabySoC/src/lib/sky130_fd_sc_hd__ff_n40C_1v76.db
/home/jose/VSDBabySoC/src/lib/sky130_fd_sc_hd__ff_n40C_1v95.db
/home/jose/VSDBabySoC/src/lib/avsdpll.db
/home/jose/VSDBabySoC/src/lib/avsddac.db
/usr/synopsys/syn/T-2022.03-SP5-6/libraries/syn/gtech.db
/usr/synopsys/syn/T-2022.03-SP5-6/libraries/syn/standard.sldb
/home/jose/VSDBabySoC/src/sdc/vsdbabysoc_synthesis.sdc
/usr/synopsys/syn/T-2022.03-SP5-6/libraries/syn/dw_foundation.sldb
/home/jose/VSDBabySoC/src/lib/sky130_fd_sc_hd__ff_n40C_1v95.db
/home/jose/VSDBabySoC/alib-52/sky130_fd_sc_hd__ff_n40C_1v95.db.alib
/home/jose/VSDBabySoC/src/lib/sky130_fd_sc_hd__ff_n40C_1v95.db
/home/jose/VSDBabySoC/alib-52/sky130_fd_sc_hd__ff_n40C_1v95.db.alib
/home/jose/VSDBabySoC/src/lib/sky130_fd_sc_hd__ff_n40C_1v95.db
/home/jose/VSDBabySoC/src/lib/sky130_fd_sc_hd__ss_100C_1v40.db
/home/jose/VSDBabySoC/src/lib/avsdpll.db
/home/jose/VSDBabySoC/src/lib/avsddac.db
/usr/synopsys/syn/T-2022.03-SP5-6/libraries/syn/gtech.db
/usr/synopsys/syn/T-2022.03-SP5-6/libraries/syn/standard.sldb
/home/jose/VSDBabySoC/src/sdc/vsdbabysoc_synthesis.sdc
/usr/synopsys/syn/T-2022.03-SP5-6/libraries/syn/dw_foundation.sldb
/home/jose/VSDBabySoC/src/lib/sky130_fd_sc_hd__ss_100C_1v40.db
/home/jose/VSDBabySoC/alib-52/sky130_fd_sc_hd__ss_100C_1v40.db.alib
/home/jose/VSDBabySoC/src/lib/sky130_fd_sc_hd__ss_100C_1v40.db
/home/jose/VSDBabySoC/alib-52/sky130_fd_sc_hd__ss_100C_1v40.db.alib
/home/jose/VSDBabySoC/src/lib/sky130_fd_sc_hd__ss_100C_1v40.db
/home/jose/VSDBabySoC/src/lib/sky130_fd_sc_hd__ss_100C_1v60.db
/home/jose/VSDBabySoC/src/lib/avsdpll.db
/home/jose/VSDBabySoC/src/lib/avsddac.db
/usr/synopsys/syn/T-2022.03-SP5-6/libraries/syn/gtech.db
/usr/synopsys/syn/T-2022.03-SP5-6/libraries/syn/standard.sldb
/home/jose/VSDBabySoC/src/sdc/vsdbabysoc_synthesis.sdc
/usr/synopsys/syn/T-2022.03-SP5-6/libraries/syn/dw_foundation.sldb
/home/jose/VSDBabySoC/src/lib/sky130_fd_sc_hd__ss_100C_1v60.db
/home/jose/VSDBabySoC/alib-52/sky130_fd_sc_hd__ss_100C_1v60.db.alib
/home/jose/VSDBabySoC/src/lib/sky130_fd_sc_hd__ss_100C_1v60.db
/home/jose/VSDBabySoC/alib-52/sky130_fd_sc_hd__ss_100C_1v60.db.alib
/home/jose/VSDBabySoC/src/lib/sky130_fd_sc_hd__ss_100C_1v60.db
/home/jose/VSDBabySoC/src/lib/sky130_fd_sc_hd__ss_n40C_1v28.db
/home/jose/VSDBabySoC/src/lib/avsdpll.db
/home/jose/VSDBabySoC/src/lib/avsddac.db
/usr/synopsys/syn/T-2022.03-SP5-6/libraries/syn/gtech.db
/usr/synopsys/syn/T-2022.03-SP5-6/libraries/syn/standard.sldb
/home/jose/VSDBabySoC/src/sdc/vsdbabysoc_synthesis.sdc
/usr/synopsys/syn/T-2022.03-SP5-6/libraries/syn/dw_foundation.sldb
/home/jose/VSDBabySoC/src/lib/sky130_fd_sc_hd__ss_n40C_1v28.db
/home/jose/VSDBabySoC/alib-52/sky130_fd_sc_hd__ss_n40C_1v28.db.alib
/home/jose/VSDBabySoC/src/lib/sky130_fd_sc_hd__ss_n40C_1v28.db
/home/jose/VSDBabySoC/alib-52/sky130_fd_sc_hd__ss_n40C_1v28.db.alib
/home/jose/VSDBabySoC/src/lib/sky130_fd_sc_hd__ss_n40C_1v28.db
/home/jose/VSDBabySoC/alib-52/sky130_fd_sc_hd__ss_n40C_1v28.db.alib
/home/jose/VSDBabySoC/src/lib/sky130_fd_sc_hd__ss_n40C_1v28.db
/home/jose/VSDBabySoC/alib-52/sky130_fd_sc_hd__ss_n40C_1v28.db.alib
/home/jose/VSDBabySoC/src/lib/sky130_fd_sc_hd__ss_n40C_1v28.db
/home/jose/VSDBabySoC/alib-52/sky130_fd_sc_hd__ss_n40C_1v28.db.alib
/home/jose/VSDBabySoC/src/lib/sky130_fd_sc_hd__ss_n40C_1v28.db
/home/jose/VSDBabySoC/alib-52/sky130_fd_sc_hd__ss_n40C_1v28.db.alib
/home/jose/VSDBabySoC/src/lib/sky130_fd_sc_hd__ss_n40C_1v28.db
/home/jose/VSDBabySoC/src/lib/sky130_fd_sc_hd__ss_n40C_1v35.db
/home/jose/VSDBabySoC/src/lib/avsdpll.db
/home/jose/VSDBabySoC/src/lib/avsddac.db
/usr/synopsys/syn/T-2022.03-SP5-6/libraries/syn/gtech.db
/usr/synopsys/syn/T-2022.03-SP5-6/libraries/syn/standard.sldb
/home/jose/VSDBabySoC/src/sdc/vsdbabysoc_synthesis.sdc
/usr/synopsys/syn/T-2022.03-SP5-6/libraries/syn/dw_foundation.sldb
/home/jose/VSDBabySoC/src/lib/sky130_fd_sc_hd__ss_n40C_1v35.db
/home/jose/VSDBabySoC/alib-52/sky130_fd_sc_hd__ss_n40C_1v35.db.alib
/home/jose/VSDBabySoC/src/lib/sky130_fd_sc_hd__ss_n40C_1v35.db
/home/jose/VSDBabySoC/alib-52/sky130_fd_sc_hd__ss_n40C_1v35.db.alib
/home/jose/VSDBabySoC/src/lib/sky130_fd_sc_hd__ss_n40C_1v35.db
/home/jose/VSDBabySoC/alib-52/sky130_fd_sc_hd__ss_n40C_1v35.db.alib
/home/jose/VSDBabySoC/src/lib/sky130_fd_sc_hd__ss_n40C_1v35.db
/home/jose/VSDBabySoC/alib-52/sky130_fd_sc_hd__ss_n40C_1v35.db.alib
/home/jose/VSDBabySoC/src/lib/sky130_fd_sc_hd__ss_n40C_1v35.db
/home/jose/VSDBabySoC/alib-52/sky130_fd_sc_hd__ss_n40C_1v35.db.alib
/home/jose/VSDBabySoC/src/lib/sky130_fd_sc_hd__ss_n40C_1v35.db
/home/jose/VSDBabySoC/alib-52/sky130_fd_sc_hd__ss_n40C_1v35.db.alib
/home/jose/VSDBabySoC/src/lib/sky130_fd_sc_hd__ss_n40C_1v35.db
/home/jose/VSDBabySoC/alib-52/sky130_fd_sc_hd__ss_n40C_1v35.db.alib
/home/jose/VSDBabySoC/src/lib/sky130_fd_sc_hd__ss_n40C_1v35.db
/home/jose/VSDBabySoC/alib-52/sky130_fd_sc_hd__ss_n40C_1v35.db.alib
/home/jose/VSDBabySoC/src/lib/sky130_fd_sc_hd__ss_n40C_1v35.db
/home/jose/VSDBabySoC/alib-52/sky130_fd_sc_hd__ss_n40C_1v35.db.alib
/home/jose/VSDBabySoC/src/lib/sky130_fd_sc_hd__ss_n40C_1v35.db
/home/jose/VSDBabySoC/alib-52/sky130_fd_sc_hd__ss_n40C_1v35.db.alib
/home/jose/VSDBabySoC/src/lib/sky130_fd_sc_hd__ss_n40C_1v35.db
/home/jose/VSDBabySoC/alib-52/sky130_fd_sc_hd__ss_n40C_1v35.db.alib
/home/jose/VSDBabySoC/src/lib/sky130_fd_sc_hd__ss_n40C_1v35.db
/home/jose/VSDBabySoC/src/lib/sky130_fd_sc_hd__ss_n40C_1v40.db
/home/jose/VSDBabySoC/src/lib/avsdpll.db
/home/jose/VSDBabySoC/src/lib/avsddac.db
/usr/synopsys/syn/T-2022.03-SP5-6/libraries/syn/gtech.db
/usr/synopsys/syn/T-2022.03-SP5-6/libraries/syn/standard.sldb
/home/jose/VSDBabySoC/src/sdc/vsdbabysoc_synthesis.sdc
/usr/synopsys/syn/T-2022.03-SP5-6/libraries/syn/dw_foundation.sldb
/home/jose/VSDBabySoC/src/lib/sky130_fd_sc_hd__ss_n40C_1v40.db
/home/jose/VSDBabySoC/alib-52/sky130_fd_sc_hd__ss_n40C_1v40.db.alib
/home/jose/VSDBabySoC/src/lib/sky130_fd_sc_hd__ss_n40C_1v40.db
/home/jose/VSDBabySoC/alib-52/sky130_fd_sc_hd__ss_n40C_1v40.db.alib
/home/jose/VSDBabySoC/src/lib/sky130_fd_sc_hd__ss_n40C_1v40.db
/home/jose/VSDBabySoC/alib-52/sky130_fd_sc_hd__ss_n40C_1v40.db.alib
/home/jose/VSDBabySoC/src/lib/sky130_fd_sc_hd__ss_n40C_1v40.db
/home/jose/VSDBabySoC/alib-52/sky130_fd_sc_hd__ss_n40C_1v40.db.alib
/home/jose/VSDBabySoC/src/lib/sky130_fd_sc_hd__ss_n40C_1v40.db
/home/jose/VSDBabySoC/alib-52/sky130_fd_sc_hd__ss_n40C_1v40.db.alib
/home/jose/VSDBabySoC/src/lib/sky130_fd_sc_hd__ss_n40C_1v40.db
/home/jose/VSDBabySoC/alib-52/sky130_fd_sc_hd__ss_n40C_1v40.db.alib
/home/jose/VSDBabySoC/src/lib/sky130_fd_sc_hd__ss_n40C_1v40.db
/home/jose/VSDBabySoC/alib-52/sky130_fd_sc_hd__ss_n40C_1v40.db.alib
/home/jose/VSDBabySoC/src/lib/sky130_fd_sc_hd__ss_n40C_1v40.db
/home/jose/VSDBabySoC/alib-52/sky130_fd_sc_hd__ss_n40C_1v40.db.alib
/home/jose/VSDBabySoC/src/lib/sky130_fd_sc_hd__ss_n40C_1v40.db
/home/jose/VSDBabySoC/alib-52/sky130_fd_sc_hd__ss_n40C_1v40.db.alib
/home/jose/VSDBabySoC/src/lib/sky130_fd_sc_hd__ss_n40C_1v40.db
/home/jose/VSDBabySoC/alib-52/sky130_fd_sc_hd__ss_n40C_1v40.db.alib
/home/jose/VSDBabySoC/src/lib/sky130_fd_sc_hd__ss_n40C_1v40.db
/home/jose/VSDBabySoC/alib-52/sky130_fd_sc_hd__ss_n40C_1v40.db.alib
/home/jose/VSDBabySoC/src/lib/sky130_fd_sc_hd__ss_n40C_1v40.db
/home/jose/VSDBabySoC/src/lib/sky130_fd_sc_hd__ss_n40C_1v44.db
/home/jose/VSDBabySoC/src/lib/avsdpll.db
/home/jose/VSDBabySoC/src/lib/avsddac.db
/usr/synopsys/syn/T-2022.03-SP5-6/libraries/syn/gtech.db
/usr/synopsys/syn/T-2022.03-SP5-6/libraries/syn/standard.sldb
/home/jose/VSDBabySoC/src/sdc/vsdbabysoc_synthesis.sdc
/usr/synopsys/syn/T-2022.03-SP5-6/libraries/syn/dw_foundation.sldb
/home/jose/VSDBabySoC/src/lib/sky130_fd_sc_hd__ss_n40C_1v44.db
/home/jose/VSDBabySoC/alib-52/sky130_fd_sc_hd__ss_n40C_1v44.db.alib
/home/jose/VSDBabySoC/src/lib/sky130_fd_sc_hd__ss_n40C_1v44.db
/home/jose/VSDBabySoC/alib-52/sky130_fd_sc_hd__ss_n40C_1v44.db.alib
/home/jose/VSDBabySoC/src/lib/sky130_fd_sc_hd__ss_n40C_1v44.db
/home/jose/VSDBabySoC/alib-52/sky130_fd_sc_hd__ss_n40C_1v44.db.alib
/home/jose/VSDBabySoC/src/lib/sky130_fd_sc_hd__ss_n40C_1v44.db
/home/jose/VSDBabySoC/alib-52/sky130_fd_sc_hd__ss_n40C_1v44.db.alib
/home/jose/VSDBabySoC/src/lib/sky130_fd_sc_hd__ss_n40C_1v44.db
/home/jose/VSDBabySoC/alib-52/sky130_fd_sc_hd__ss_n40C_1v44.db.alib
/home/jose/VSDBabySoC/src/lib/sky130_fd_sc_hd__ss_n40C_1v44.db
/home/jose/VSDBabySoC/alib-52/sky130_fd_sc_hd__ss_n40C_1v44.db.alib
/home/jose/VSDBabySoC/src/lib/sky130_fd_sc_hd__ss_n40C_1v44.db
/home/jose/VSDBabySoC/alib-52/sky130_fd_sc_hd__ss_n40C_1v44.db.alib
/home/jose/VSDBabySoC/src/lib/sky130_fd_sc_hd__ss_n40C_1v44.db
/home/jose/VSDBabySoC/alib-52/sky130_fd_sc_hd__ss_n40C_1v44.db.alib
/home/jose/VSDBabySoC/src/lib/sky130_fd_sc_hd__ss_n40C_1v44.db
/home/jose/VSDBabySoC/alib-52/sky130_fd_sc_hd__ss_n40C_1v44.db.alib
/home/jose/VSDBabySoC/src/lib/sky130_fd_sc_hd__ss_n40C_1v44.db
/home/jose/VSDBabySoC/alib-52/sky130_fd_sc_hd__ss_n40C_1v44.db.alib
/home/jose/VSDBabySoC/src/lib/sky130_fd_sc_hd__ss_n40C_1v44.db
/home/jose/VSDBabySoC/alib-52/sky130_fd_sc_hd__ss_n40C_1v44.db.alib
/home/jose/VSDBabySoC/src/lib/sky130_fd_sc_hd__ss_n40C_1v44.db
/home/jose/VSDBabySoC/src/lib/sky130_fd_sc_hd__ss_n40C_1v60.db
/home/jose/VSDBabySoC/src/lib/avsdpll.db
/home/jose/VSDBabySoC/src/lib/avsddac.db
/usr/synopsys/syn/T-2022.03-SP5-6/libraries/syn/gtech.db
/usr/synopsys/syn/T-2022.03-SP5-6/libraries/syn/standard.sldb
/home/jose/VSDBabySoC/src/sdc/vsdbabysoc_synthesis.sdc
/usr/synopsys/syn/T-2022.03-SP5-6/libraries/syn/dw_foundation.sldb
/home/jose/VSDBabySoC/src/lib/sky130_fd_sc_hd__ss_n40C_1v60.db
/home/jose/VSDBabySoC/alib-52/sky130_fd_sc_hd__ss_n40C_1v60.db.alib
/home/jose/VSDBabySoC/src/lib/sky130_fd_sc_hd__ss_n40C_1v60.db
/home/jose/VSDBabySoC/alib-52/sky130_fd_sc_hd__ss_n40C_1v60.db.alib
/home/jose/VSDBabySoC/src/lib/sky130_fd_sc_hd__ss_n40C_1v60.db
/home/jose/VSDBabySoC/alib-52/sky130_fd_sc_hd__ss_n40C_1v60.db.alib
/home/jose/VSDBabySoC/src/lib/sky130_fd_sc_hd__ss_n40C_1v60.db
/home/jose/VSDBabySoC/alib-52/sky130_fd_sc_hd__ss_n40C_1v60.db.alib
/home/jose/VSDBabySoC/src/lib/sky130_fd_sc_hd__ss_n40C_1v60.db
/home/jose/VSDBabySoC/alib-52/sky130_fd_sc_hd__ss_n40C_1v60.db.alib
/home/jose/VSDBabySoC/src/lib/sky130_fd_sc_hd__ss_n40C_1v60.db
/home/jose/VSDBabySoC/alib-52/sky130_fd_sc_hd__ss_n40C_1v60.db.alib
/home/jose/VSDBabySoC/src/lib/sky130_fd_sc_hd__ss_n40C_1v60.db
/home/jose/VSDBabySoC/alib-52/sky130_fd_sc_hd__ss_n40C_1v60.db.alib
/home/jose/VSDBabySoC/src/lib/sky130_fd_sc_hd__ss_n40C_1v60.db
/home/jose/VSDBabySoC/alib-52/sky130_fd_sc_hd__ss_n40C_1v60.db.alib
/home/jose/VSDBabySoC/src/lib/sky130_fd_sc_hd__ss_n40C_1v60.db
/home/jose/VSDBabySoC/alib-52/sky130_fd_sc_hd__ss_n40C_1v60.db.alib
/home/jose/VSDBabySoC/src/lib/sky130_fd_sc_hd__ss_n40C_1v60.db
/home/jose/VSDBabySoC/alib-52/sky130_fd_sc_hd__ss_n40C_1v60.db.alib
/home/jose/VSDBabySoC/src/lib/sky130_fd_sc_hd__ss_n40C_1v60.db
/home/jose/VSDBabySoC/alib-52/sky130_fd_sc_hd__ss_n40C_1v60.db.alib
/home/jose/VSDBabySoC/src/lib/sky130_fd_sc_hd__ss_n40C_1v60.db
/home/jose/VSDBabySoC/src/lib/sky130_fd_sc_hd__ss_n40C_1v76.db
/home/jose/VSDBabySoC/src/lib/avsdpll.db
/home/jose/VSDBabySoC/src/lib/avsddac.db
/usr/synopsys/syn/T-2022.03-SP5-6/libraries/syn/gtech.db
/usr/synopsys/syn/T-2022.03-SP5-6/libraries/syn/standard.sldb
/home/jose/VSDBabySoC/src/sdc/vsdbabysoc_synthesis.sdc
/usr/synopsys/syn/T-2022.03-SP5-6/libraries/syn/dw_foundation.sldb
/home/jose/VSDBabySoC/src/lib/sky130_fd_sc_hd__ss_n40C_1v76.db
/home/jose/VSDBabySoC/alib-52/sky130_fd_sc_hd__ss_n40C_1v76.db.alib
/home/jose/VSDBabySoC/src/lib/sky130_fd_sc_hd__ss_n40C_1v76.db
/home/jose/VSDBabySoC/alib-52/sky130_fd_sc_hd__ss_n40C_1v76.db.alib
/home/jose/VSDBabySoC/src/lib/sky130_fd_sc_hd__ss_n40C_1v76.db
/home/jose/VSDBabySoC/alib-52/sky130_fd_sc_hd__ss_n40C_1v76.db.alib
/home/jose/VSDBabySoC/src/lib/sky130_fd_sc_hd__ss_n40C_1v76.db
/home/jose/VSDBabySoC/alib-52/sky130_fd_sc_hd__ss_n40C_1v76.db.alib
/home/jose/VSDBabySoC/src/lib/sky130_fd_sc_hd__ss_n40C_1v76.db
/home/jose/VSDBabySoC/alib-52/sky130_fd_sc_hd__ss_n40C_1v76.db.alib
/home/jose/VSDBabySoC/src/lib/sky130_fd_sc_hd__ss_n40C_1v76.db
/home/jose/VSDBabySoC/alib-52/sky130_fd_sc_hd__ss_n40C_1v76.db.alib
/home/jose/VSDBabySoC/src/lib/sky130_fd_sc_hd__ss_n40C_1v76.db
/home/jose/VSDBabySoC/alib-52/sky130_fd_sc_hd__ss_n40C_1v76.db.alib
/home/jose/VSDBabySoC/src/lib/sky130_fd_sc_hd__ss_n40C_1v76.db
/home/jose/VSDBabySoC/alib-52/sky130_fd_sc_hd__ss_n40C_1v76.db.alib
/home/jose/VSDBabySoC/src/lib/sky130_fd_sc_hd__ss_n40C_1v76.db
/home/jose/VSDBabySoC/alib-52/sky130_fd_sc_hd__ss_n40C_1v76.db.alib
/home/jose/VSDBabySoC/src/lib/sky130_fd_sc_hd__ss_n40C_1v76.db
/home/jose/VSDBabySoC/alib-52/sky130_fd_sc_hd__ss_n40C_1v76.db.alib
/home/jose/VSDBabySoC/src/lib/sky130_fd_sc_hd__ss_n40C_1v76.db
/home/jose/VSDBabySoC/alib-52/sky130_fd_sc_hd__ss_n40C_1v76.db.alib
/home/jose/VSDBabySoC/src/lib/sky130_fd_sc_hd__ss_n40C_1v76.db
/home/jose/VSDBabySoC/src/lib/sky130_fd_sc_hd__tt_025C_1v80.db
/home/jose/VSDBabySoC/src/lib/avsdpll.db
/home/jose/VSDBabySoC/src/lib/avsddac.db
/usr/synopsys/syn/T-2022.03-SP5-6/libraries/syn/gtech.db
/usr/synopsys/syn/T-2022.03-SP5-6/libraries/syn/standard.sldb
/home/jose/VSDBabySoC/src/sdc/vsdbabysoc_synthesis.sdc
/usr/synopsys/syn/T-2022.03-SP5-6/libraries/syn/dw_foundation.sldb
/home/jose/VSDBabySoC/src/lib/sky130_fd_sc_hd__tt_025C_1v80.db
/home/jose/VSDBabySoC/alib-52/sky130_fd_sc_hd__tt_025C_1v80.db.alib
/home/jose/VSDBabySoC/src/lib/sky130_fd_sc_hd__tt_025C_1v80.db
/home/jose/VSDBabySoC/alib-52/sky130_fd_sc_hd__tt_025C_1v80.db.alib
/home/jose/VSDBabySoC/src/lib/sky130_fd_sc_hd__tt_025C_1v80.db
/home/jose/VSDBabySoC/src/lib/sky130_fd_sc_hd__tt_100C_1v80.db
/home/jose/VSDBabySoC/src/lib/avsdpll.db
/home/jose/VSDBabySoC/src/lib/avsddac.db
/usr/synopsys/syn/T-2022.03-SP5-6/libraries/syn/gtech.db
/usr/synopsys/syn/T-2022.03-SP5-6/libraries/syn/standard.sldb
/home/jose/VSDBabySoC/src/sdc/vsdbabysoc_synthesis.sdc
/usr/synopsys/syn/T-2022.03-SP5-6/libraries/syn/dw_foundation.sldb
/home/jose/VSDBabySoC/src/lib/sky130_fd_sc_hd__tt_100C_1v80.db
/home/jose/VSDBabySoC/alib-52/sky130_fd_sc_hd__tt_100C_1v80.db.alib
/home/jose/VSDBabySoC/src/lib/sky130_fd_sc_hd__tt_100C_1v80.db
/home/jose/VSDBabySoC/alib-52/sky130_fd_sc_hd__tt_100C_1v80.db.alib
/home/jose/VSDBabySoC/src/lib/sky130_fd_sc_hd__tt_100C_1v80.db
