 
                              Library Manager (TM)

             Version T-2022.03-SP5 for linux64 - Nov 01, 2022 -SLE

                    Copyright (c) 1988 - 2022 Synopsys, Inc.
   This software and the associated documentation are proprietary to Synopsys,
 Inc. This software may only be used in accordance with the terms and conditions
 of a written license agreement with Synopsys, Inc. All other use, reproduction,
   or distribution of this software is strictly prohibited.  Licensed Products
     communicate with Synopsys servers for the purpose of providing software
    updates, detecting software piracy and verifying that customers are using
    Licensed Products in conformity with the applicable License Key for such
  Licensed Products. Synopsys will use information gathered in connection with
    this process to deliver software updates and pursue software pirates and
                                   infringers.

 Inclusivity & Diversity - Visit SolvNetPlus to read the "Synopsys Statement on
            Inclusivity and Diversity" (Refer to article 000036315 at
                        https://solvnetplus.synopsys.com)

set search_path {/home/jose/synopsys_ICC2flow_130nm/synopsys_skywater_flow_nominal/collateral/  /home/jose/synopsys_ICC2flow_130nm/synopsys_skywater_flow_nominal/collateral/skywater130_nominal.TLUPlus/ .}
/home/jose/synopsys_ICC2flow_130nm/synopsys_skywater_flow_nominal/collateral/  /home/jose/synopsys_ICC2flow_130nm/synopsys_skywater_flow_nominal/collateral/skywater130_nominal.TLUPlus/ .
setenv RUN_RESULT /tmp/.tARL21932/_rrbG0NlW
/tmp/.tARL21932/_rrbG0NlW
set_current_mismatch_config auto_fix
1
set_app_options -name lib.workspace.build_script -value CLIBs/.scripts/EXPLORE_macros.tcl
lib.workspace.build_script CLIBs/.scripts/EXPLORE_macros.tcl
#suppress_messages
source -echo -verbose CLIBs/.scripts/EXPLORE_macros.tcl
set NDM_LIBS {CLIBs/avsddac.ndm CLIBs/avsdpll.ndm}
CLIBs/avsddac.ndm CLIBs/avsdpll.ndm
set FRAME_LIBS {}
set LEF_FILES {}
set DB_FILES {}
set TECH_FILE "/home/jose/synopsys_ICC2flow_130nm/synopsys_skywater_flow_nominal/collateral/sky130_fd_sc_hd.tf"
/home/jose/synopsys_ICC2flow_130nm/synopsys_skywater_flow_nominal/collateral/sky130_fd_sc_hd.tf
set_app_options -name lib.workspace.create_cached_lib -value true
lib.workspace.create_cached_lib true
#suppress_messages
set_app_options -name lib.workspace.allow_read_aggregate_lib -value true
lib.workspace.allow_read_aggregate_lib true
create_workspace EXPLORE_macros -flow aggregate -scale_factor 10000
...created workspace EXPLORE_macros in aggregate flow
foreach ndm_lib $NDM_LIBS {
  read_ndm $ndm_lib
}
Information: Loading library file '/home/jose/VSDBabySoC_ICC2/standaloneFlow/CLIBs/avsddac.ndm' (FILE-007)
Information: Library 'avsddac' has been added to the aggregate library. (LIB-043)
Information: Loading library file '/home/jose/VSDBabySoC_ICC2/standaloneFlow/CLIBs/avsdpll.ndm' (FILE-007)
Information: Library 'avsdpll' has been added to the aggregate library. (LIB-043)
process_workspaces -check_options {-allow_missing} -force -directory CLIBs -output EXPLORE_macros.ndm
Checking libraries...

Workspace check succeeded!
... wrote CLIBs/EXPLORE_macros.ndm
... removing library 'EXPLORE_macros|avsddac'
... removing library 'EXPLORE_macros|avsdpll'
... lib workspace removed!
Maximum memory usage for this session: 95.69 MB
CPU usage for this session:      1 seconds (  0.00 hours)
Elapsed time for this session:      4 seconds (  0.00 hours)
Thank you for using Library Manager.

